Compiling the C compiler identification source file "CMakeCCompilerId.c" failed.
Compiler: /usr/bin/arm-none-eabi-gcc 
Build flags: 
Id flags:  

The output was:
1
/usr/lib/gcc/arm-none-eabi/9.2.1/../../../arm-none-eabi/bin/ld: /usr/lib/gcc/arm-none-eabi/9.2.1/../../../arm-none-eabi/lib/libc.a(lib_a-exit.o): in function `exit':
/build/newlib-CVVEyx/newlib-3.3.0/build/arm-none-eabi/newlib/libc/stdlib/../../../../../newlib/libc/stdlib/exit.c:64: undefined reference to `_exit'
collect2: error: ld returned 1 exit status


Compiling the CXX compiler identification source file "CMakeCXXCompilerId.cpp" failed.
Compiler: /usr/bin/arm-none-eabi-g++ 
Build flags: 
Id flags:  

The output was:
1
/usr/lib/gcc/arm-none-eabi/9.2.1/../../../arm-none-eabi/bin/ld: /usr/lib/gcc/arm-none-eabi/9.2.1/../../../arm-none-eabi/lib/libc.a(lib_a-exit.o): in function `exit':
/build/newlib-CVVEyx/newlib-3.3.0/build/arm-none-eabi/newlib/libc/stdlib/../../../../../newlib/libc/stdlib/exit.c:64: undefined reference to `_exit'
collect2: error: ld returned 1 exit status


Determining if the C compiler works failed with the following output:
Change Dir: /home/ubuntu/pico/pwm-pico/build/CMakeFiles/CMakeTmp

Run Build Command(s):/usr/bin/ninja cmTC_f86e6 && [1/2] Building C object CMakeFiles/cmTC_f86e6.dir/testCCompiler.c.obj
FAILED: CMakeFiles/cmTC_f86e6.dir/testCCompiler.c.obj 
/usr/bin/aarch64-linux-gnu-gcc   -mcpu=cortex-m0plus -mthumb -o CMakeFiles/cmTC_f86e6.dir/testCCompiler.c.obj   -c testCCompiler.c
aarch64-linux-gnu-gcc: error: unrecognized command line option ‘-mthumb’
ninja: build stopped: subcommand failed.



